<?xml version="1.0" encoding="UTF-8"?>
<testng-results ignored="0" total="1" passed="1" failed="0" skipped="0">
  <reporter-output>
  </reporter-output>
  <suite started-at="2023-07-08T10:08:01 IST" name="Default suite" finished-at="2023-07-08T10:08:44 IST" duration-ms="43035">
    <groups>
    </groups>
    <test started-at="2023-07-08T10:08:01 IST" name="Default test" finished-at="2023-07-08T10:08:44 IST" duration-ms="43035">
      <class name="com.inetBanking.testcases.HomeTC_001">
        <test-method is-config="true" signature="init()[pri:0, instance:com.inetBanking.testcases.HomeTC_001@449a4f23]" started-at="2023-07-08T10:08:00 IST" name="init" finished-at="2023-07-08T10:08:01 IST" duration-ms="920" status="PASS">
          <reporter-output>
          </reporter-output>
        </test-method> <!-- init -->
        <test-method is-config="true" signature="setup(java.lang.String)[pri:0, instance:com.inetBanking.testcases.HomeTC_001@449a4f23]" started-at="2023-07-08T10:08:01 IST" name="setup" finished-at="2023-07-08T10:08:34 IST" duration-ms="32993" status="PASS">
          <params>
            <param index="0">
              <value>
                <![CDATA[chrome]]>
              </value>
            </param>
          </params>
          <reporter-output>
          </reporter-output>
        </test-method> <!-- setup -->
        <test-method signature="verifyLogoutFunctionality()[pri:0, instance:com.inetBanking.testcases.HomeTC_001@449a4f23]" started-at="2023-07-08T10:08:34 IST" name="verifyLogoutFunctionality" finished-at="2023-07-08T10:08:40 IST" duration-ms="6443" status="PASS">
          <reporter-output>
          </reporter-output>
        </test-method> <!-- verifyLogoutFunctionality -->
        <test-method is-config="true" signature="teardown()[pri:0, instance:com.inetBanking.testcases.HomeTC_001@449a4f23]" started-at="2023-07-08T10:08:40 IST" name="teardown" finished-at="2023-07-08T10:08:44 IST" duration-ms="3559" status="PASS">
          <reporter-output>
          </reporter-output>
        </test-method> <!-- teardown -->
      </class> <!-- com.inetBanking.testcases.HomeTC_001 -->
    </test> <!-- Default test -->
  </suite> <!-- Default suite -->
</testng-results>
