<?xml version="1.0" encoding="UTF-8"?>
<testng-results ignored="0" total="0" passed="0" failed="0" skipped="0">
  <reporter-output>
  </reporter-output>
  <suite started-at="2023-06-25T10:02:09 IST" name="com.inetBanking.testbase.TestBase" finished-at="2023-06-25T10:02:43 IST" duration-ms="33750">
    <groups>
    </groups>
    <test started-at="2023-06-25T10:02:09 IST" name="Command line test" finished-at="2023-06-25T10:02:43 IST" duration-ms="33750">
      <class name="com.inetBanking.testbase.TestBase">
        <test-method is-config="true" signature="init()[pri:0, instance:com.inetBanking.testbase.TestBase@20d525]" started-at="2023-06-25T10:02:09 IST" name="init" finished-at="2023-06-25T10:02:09 IST" duration-ms="11" status="PASS">
          <reporter-output>
          </reporter-output>
        </test-method> <!-- init -->
        <test-method is-config="true" signature="setup(java.lang.String)[pri:0, instance:com.inetBanking.testbase.TestBase@20d525]" started-at="2023-06-25T10:02:09 IST" name="setup" finished-at="2023-06-25T10:02:42 IST" duration-ms="33220" status="PASS">
          <params>
            <param index="0">
              <value>
                <![CDATA[chrome]]>
              </value>
            </param>
          </params>
          <reporter-output>
          </reporter-output>
        </test-method> <!-- setup -->
        <test-method is-config="true" signature="teardown()[pri:0, instance:com.inetBanking.testbase.TestBase@20d525]" started-at="2023-06-25T10:02:42 IST" name="teardown" finished-at="2023-06-25T10:02:43 IST" duration-ms="515" status="PASS">
          <reporter-output>
          </reporter-output>
        </test-method> <!-- teardown -->
      </class> <!-- com.inetBanking.testbase.TestBase -->
    </test> <!-- Command line test -->
  </suite> <!-- com.inetBanking.testbase.TestBase -->
</testng-results>
